江苏省 无锡市 江阴市 南国村砻坊里3-1号银竹呢绒(214400)请求失败
2018-09-03浙江省 杭州市 江干区 海天城4幢2单元302室(310002)请求失败
2018-09-03浙江省 杭州市 江干区 洁莲社区金谷9-3-302(310002)请求失败
2018-09-03江苏省 常州市 天宁区 郑路镇董墅村常州骏恒焊割设备有限公司(213003)请求失败
2018-09-03浙江省 丽水市 缙云县 李庄村179号（博尔机电正对面路口入40米，左手边小店）(321400)请求失败
2018-09-03浙江省 杭州市 上城区 中河南路11号万凯庭院商务楼A幢宝业建筑设计院(311500)请求失败
2018-09-03江苏省 徐州市 鼓楼区 江苏省徐州市鼓楼区王场新村45-2-101(221000)请求失败
2018-09-03河南省 郑州市 中原区 郑州市桐柏北路100号威尼斯水城一期1号楼(450000)请求失败
2018-09-03浙江省 杭州市 滨江区 阿里巴巴滨江园区(310051)请求失败
2018-09-03海南省 海口市 美兰区 海甸岛三东路中新商务大厦13D室(570203)请求失败
2018-09-03北京 北京市 大兴区 北京大兴旧宫镇清和园5号楼四单元101(102600)请求失败
2018-09-03江苏省 淮安市 淮安区 镇淮楼东路楚港小区4号楼(223200)请求失败
2018-09-03海南省 儋州市  中兴大道大转盘麒麟珠宝(571700)请求失败
2018-09-03江苏省 徐州市 云龙区 东甸子工程兵学院  学员十队(220009)请求失败
2018-09-03浙江省 丽水市 景宁畲族自治县 人民北路25号(323500)请求失败
2018-09-03陕西省 宝鸡市 渭滨区 经一路新鸿利少年儿童购物中心(721000)请求失败
2018-09-03北京 北京市 朝阳区 酒仙桥东路1号m8号楼b厅103古德体育(100011)请求失败
2018-09-03浙江省 杭州市 建德市 建德市第二人民医院(311600)请求失败
2018-09-03江苏省 南京市 秦淮区 莫愁路179号南京地铁5号线项目部(210001)请求失败
2018-09-03黑龙江省 牡丹江市 爱民区 曙光新城89号楼3单元202(157009)请求失败
2018-09-03河北省 廊坊市 三河市 燕顺路上上城第三季21号楼一单元1203(065200)请求失败
2018-09-03浙江省 舟山市 定海区 华天昌兴公寓3幢701室(316000)请求失败
2018-09-03陕西省 宝鸡市 渭滨区 高新六路马营镇政府东150米宝鸡供电局物资公司(721000)请求失败
2018-09-03浙江省 宁波市 宁海县 隔水洋东区8幢1号(315600)请求失败
2018-09-03浙江省 金华市 婺城区 双龙南街801号市政府北门值班室(321000)请求失败
2018-09-03浙江省 宁波市 宁海县 大桥李村外口之家C幢116(315600)请求失败
2018-09-03浙江省 丽水市 缙云县 景谷花园33（书香花苑门卫处代收）(321400)请求失败
2018-09-03黑龙江省 哈尔滨市 香坊区 进乡街191号金瑞林城2期21号楼1单元601(150036)请求失败
2018-09-03山西省 临汾市 曲沃县 浍滨南路120号(043400)请求失败
2018-09-03江西省 吉安市 安福县 武功山大道文山酒店旁布拉品奶茶店(343200)请求失败
2018-09-03浙江省 杭州市 西湖区 瑞博国际A座212室(310013)请求失败
2018-09-03浙江省 宁波市 余姚市 陆埠镇钟山北路2号（陆埠公交总站对面）(315420)请求失败
2018-09-03浙江省 杭州市 余杭区 闲林山水紫薇苑29-2-1804(311100)请求失败
2018-09-03黑龙江省 哈尔滨市 双城区 人和嘉园B栋9单元1202室(150100)请求失败
2018-09-03四川省 成都市 温江区 四川省成都市温江区惠民路211号四川农业大学成都校区2公寓(611130)请求失败
2018-09-03浙江省 绍兴市 诸暨市 五泄镇五泄派出所(311800)请求失败
2018-09-03江苏省 无锡市 新区 硕放镇硕放商城26号(214142)请求失败
2018-09-03浙江省 绍兴市 诸暨市 暨阳街道福星路78号第三幢方明山庄(311800)请求失败
2018-09-03浙江省 杭州市 萧山区 山阴路1267号北干幼儿园(311203)请求失败
2018-09-03海南省 三亚市  榆亚路红沙半岛蓝湾A区A2栋1008(572000)请求失败
2018-09-03河南省 郑州市 其它区 郑东新区文苑西路郑州航空工业管理学院（东校区）(450000)请求失败
2018-09-03江苏省 泰州市 海陵区 阳光新城13-105(225300)请求失败
2018-09-03江西省 上饶市 上饶县 上饶经济开发区大塘沿公租房汉腾销售食堂二楼(334100)请求失败
2018-09-03浙江省 金华市 永康市 丽州北路77号十足(菜鸟驿站:18157916700)(321300)请求失败
2018-09-03江苏省 常州市 天宁区 紫云苑16幢乙单元802室(213000)请求失败
2018-09-03浙江省 金华市 婺城区 劳动路88号(321000)请求失败
2018-09-03浙江省 杭州市 下城区 文晖路343号19幢3楼（浙江耀信）(310006)请求失败
2018-09-03浙江省 金华市 义乌市 上城家园5栋(000000)请求失败
2018-09-03江苏省 南京市 建邺区 趣园1幢3#606室 南苑街道(210004)请求失败
2018-09-03浙江省 杭州市 萧山区 杭州市萧山区钱江世纪城民和路945号传化大厦(000000)请求失败
2018-09-03江苏省 泰州市 兴化市 兴化市老鸦塘20号（老供电局）传达室(225700)请求失败
2018-09-03江苏省 无锡市 梁溪区 通扬南路九龙仓碧玺(214021)请求失败
2018-09-03浙江省 宁波市 象山县 滨港小区汇川路42-3(315722)请求失败
2018-09-03浙江省 杭州市 西湖区 古墩路819号 天亿大厦1507(000000)请求失败
2018-09-03浙江省 温州市 鹿城区 江滨路繁华大厦2106室(325000)请求失败
2018-09-03广东省 深圳市 宝安区 宝安区民乐村翠园小区12栋3单元812(518101)请求失败
2018-09-03浙江省 杭州市 余杭区 北大街141号401室(311100)请求失败
2018-09-03浙江省 绍兴市 越城区 /二环北路 颐高广场 3号楼 1709(312000)请求失败
2018-09-03浙江省 杭州市 上城区 延安路298号龙翔大厦三楼3155(311500)请求失败
2018-09-03浙江省 杭州市 余杭区 万科未来城一期10-1-502(311100)请求失败
2018-09-03北京 北京市 昌平区 东小口 北京市昌平区立汤路186号龙德广场六层办公区(102200)请求失败
2018-09-03江苏省 无锡市 滨湖区 金色商业广场23单元1302室(214000)请求失败
2018-09-03湖北省 宜昌市 西陵区 果园一路3-206(443000)请求失败
2018-09-03浙江省 杭州市 萧山区 丰北三苑 四幢一单元18楼(311200)请求失败
2018-09-03浙江省 宁波市 慈溪市 环城北路169-170号(315300)请求失败
2018-09-03安徽省 宿州市 埇桥区 东关新华市场108摊位(234000)请求失败
2018-09-03浙江省 杭州市 余杭区 闲林东路高教路口润和西溪郡3-4-602(310000)请求失败
2018-09-03江苏省 泰州市 海陵区 荣誉蓝湾6-1104(225300)请求失败
2018-09-03黑龙江省 牡丹江市 东安区 夏威夷地下女人屋美甲B29(157000)请求失败
2018-09-03海南省 海口市 龙华区 苍峰路28号电力明园4-604号房(570105)请求失败
2018-09-03江苏省 常州市 金坛区 金城镇 八佰伴四楼GR男装(213200)请求失败
2018-09-03广东省 深圳市 罗湖区 东门中路东门天地大厦D座2601号(518000)请求失败
2018-09-03海南省 海口市 龙华区 城西学院路4号中国热带农业科学院环植所(570105)请求失败
2018-09-03河南省 郑州市 荥阳市 荥阳市广武路北段基正盛世名苑3号楼二单元(450100)请求失败
2018-09-03河南省 郑州市 金水区 紫荆山路顺河路交叉口西南角，黄委会质检中心(450003)请求失败
2018-09-03浙江省 金华市 婺城区 御园（西区）2—1—301(321051)请求失败
2018-09-03江苏省 扬州市 广陵区 扬州市广陵区文昌中路548号扬州市广陵区政府办公室(225002)请求失败
2018-09-03浙江省 舟山市 普陀区 南陀路720御景山庄28幢1(316100)请求失败
2018-09-03黑龙江省 牡丹江市 爱民区 牡丹江市爱民区西地明街传染病医院影像科(15700)请求失败
2018-09-03河北省 承德市 双桥区 开发西区雪佛兰4S店展厅(067000)请求失败
2018-09-03河南省 商丘市 梁园区 文化路与归德路交叉口向东30米路南乐活祛痘（摩戈造型二楼）(476000)请求失败
2018-09-03江苏省 常州市 金坛市 江苏省常州市金坛区丹凤路51好(213200)请求失败
2018-09-03浙江省 宁波市 鄞州区 振狮路323号欣尚公寓419(315100)请求失败
2018-09-03江苏省 常州市 天宁区 新城逸境10幢乙单元203室(213000)请求失败
2018-09-03浙江省 杭州市 滨江区 江南大道4354号景江苑8-2-802(310006)请求失败
2018-09-03浙江省 舟山市 普陀区 宁兴街227号广厦阳光城15幢603室(000000)请求失败
2018-09-03浙江省 台州市 黄岩区 浙江省台州市黄岩区澄江街道后林三区28号(318020)请求失败
2018-09-03浙江省 丽水市 龙泉市 德光·滨江花园(南门)(323700)请求失败
2018-09-03浙江省 杭州市 余杭区 闲林镇天目山西路路旁竹海水韵竹邻间15幢1单元601(310122)请求失败
2018-09-03陕西省 宝鸡市 金台区 联盟路6号院(721001)请求失败
2018-09-03浙江省 杭州市 富阳区 万通路58号九龙仓雍景山城10栋304(311400)请求失败
2018-09-03浙江省 舟山市 定海区 海洋科创园区A11幢1501室(316100)请求失败
2018-09-03浙江省 杭州市 余杭区 浙江杭州文一西路大华西溪风情二期33-2(310023)请求失败
2018-09-03江苏省 常州市 天宁区 丽华三村20-1栋乙单元201（丽华三小对面小区）(213003)请求失败
2018-09-03浙江省 杭州市 西湖区 文一西路83号浙江财经大学学渊楼405(310013)请求失败
2018-09-03浙江省 嘉兴市 南湖区 嘉兴市城南路1539号创业大厦1213室(314001)请求失败
2018-09-03浙江省 绍兴市 柯桥区 裕民路1117号IFC绍兴国际金融中心26楼2601室(312000)请求失败
2018-09-03四川省 绵阳市 涪城区 卓信迎宾路综合市场2楼34号(621000)请求失败
2018-09-03浙江省 宁波市 慈溪市 周巷镇镇东新村庵后头119号(315300)请求失败
2018-09-03江苏省 无锡市 江阴市 敔山湾乐府兰亭115幢1202室（南菁中学东芙蓉大道南侧）(214400)请求失败
2018-09-03浙江省 杭州市 西湖区 西斗门路福地创业园4号楼4楼(310013)请求失败
2018-09-03上海 上海市 静安区 闸北区柳营路717弄8号1001(200070)请求失败
2018-09-03浙江省 杭州市 滨江区 泰安路199号 浙江农资大厦 1210室(310000)请求失败
2018-09-03河南省 商丘市 睢阳区 府前路1号 商丘市人民政府办公室(476000)请求失败
2018-09-03浙江省 台州市 椒江区 枫山路10号 台州市椒江区农业林业局(318000)请求失败
2018-09-03四川省 攀枝花市 东区 机场路10号 攀枝花学院(000000)请求失败
2018-09-03浙江省 金华市 兰溪市 丹溪大道铂金名邸2幢404(321100)请求失败
2018-09-03浙江省 金华市 永康市 唐先镇人民政府(321300)请求失败
2018-09-03黑龙江省 哈尔滨市 呼兰区 兰河名苑30号一单元802(150500)请求失败
2018-09-03浙江省 舟山市 定海区 城西绿苑4幢501(316000)请求失败
2018-09-03云南省 昭通市 镇雄县 亨地村街口组28号(657200)请求失败
2018-09-03浙江省 杭州市 滨江区 春波南苑6幢2单元1201(310051)请求失败
2018-09-03浙江省 台州市 椒江区 朝阳新村178号(318000)请求失败
2018-09-03安徽省 阜阳市 颍东区 世纪贝贝母婴店(236058)请求失败
2018-09-03江苏省 常州市 天宁区 新丰苑  9-乙-301(213003)请求失败
2018-09-03浙江省 杭州市 西湖区 万科蝶园一期8栋5单元801(310013)请求失败
2018-09-03浙江省 杭州市 余杭区 文一西路1500号 未来科技城3号楼706 浙江博生医药有限公司(311000)请求失败
2018-09-03浙江省 杭州市 江干区 梦琴湾3幢2102(310002)请求失败
2018-09-03浙江省 杭州市 西湖区 三墩镇同仁家园北门商业街A区106号天天快递(菜鸟驿站:15336588623)(000000)请求失败
2018-09-03新疆维吾尔自治区 乌鲁木齐市 新市区 乌鲁木齐北京中路326号(830011)请求失败
2018-09-03浙江省 舟山市 普陀区 东港海警二大队(316100)请求失败
2018-09-03江苏省 常州市 武进区 花园街莱蒙城28栋1005(213161)请求失败
2018-09-03湖北省 武汉市 洪山区 武汉市洪山区南湖大道光谷时尚城K1栋(430070)请求失败
2018-09-03浙江省 杭州市 富阳区 新登镇 新登镇 登城北路46号杭州华昌制衣有限公司(311404)请求失败
2018-09-03浙江省 宁波市 鄞州区 园丁街小区88弄26号502(315040)请求失败
2018-09-03陕西省 榆林市 榆阳区 开发区文化南路财富中心2楼(719000)请求失败
2018-09-03浙江省 宁波市 鄞州区 均胜翡翠湾1号楼1309(315040)请求失败
2018-09-03浙江省 舟山市 普陀区 舟山普陀区东港碧海莲缘赤峰苑16栋404(316100)请求失败
2018-09-03浙江省 舟山市 普陀区 浙江省舟山市普陀区勾山街道东海西路阳光星筑1#704(316000)请求失败
2018-09-03浙江省 杭州市 拱墅区 大关路288号省二轻装饰市场A区1053(不准放快递柜！)(310011)请求失败
2018-09-03浙江省 宁波市 镇海区 学府东苑宁大一村五号楼(315200)请求失败
2018-09-03浙江省 杭州市 江干区 浙江大学华家池校区50幢一单元402室(310029)请求失败
2018-09-03浙江省 舟山市 定海区 桃湾一区 D5 二单元(315800)请求失败
2018-09-03浙江省 舟山市 定海区 弘生世纪城南区28幢602室(316000)请求失败
2018-09-03北京 北京市 丰台区 南苑 西红门路18号院 阳光星苑北区5-4-1502(100071)请求失败
2018-09-03江苏省 苏州市 新区 东渚镇苏州银行对面（匡氏日用烟酒商行)(215000)请求失败
2018-09-03福建省 厦门市 湖里区 厦门市湖里区火炬路319号(361006)请求失败
2018-09-03江苏省 无锡市 江阴市 新华路丽都城市花园(六期)130幢302室(214432)请求失败
2018-09-03江苏省 南京市 建邺区 文体西路9号华世佳宝妇产医院新生儿科(210004)请求失败
2018-09-03浙江省 金华市 婺城区 中国婺剧院录音棚燕尾洲路208号（彩虹桥）南门管理中心办公室(321000)请求失败
2018-09-03浙江省 杭州市 萧山区 萧然南路小南门公交车站足购手工鞋店旁边(311200)请求失败
2018-09-03浙江省 杭州市 江干区 洁莲社区金谷9-3-302(310002)请求失败
2018-09-03浙江省 杭州市 上城区 中河南路11号万凯庭院商务楼A幢宝业建筑设计院(311500)请求失败
2018-09-03浙江省 丽水市 缙云县 李庄村179号（博尔机电正对面路口入40米，左手边小店）(321400)请求失败
2018-09-03江苏省 徐州市 鼓楼区 江苏省徐州市鼓楼区王场新村45-2-101(221000)请求失败
2018-09-03浙江省 杭州市 江干区 海天城4幢2单元302室(310002)请求失败
2018-09-03江苏省 常州市 天宁区 郑路镇董墅村常州骏恒焊割设备有限公司(213003)请求失败
2018-09-03黑龙江省 牡丹江市 爱民区 曙光新城89号楼3单元202(157009)请求失败
2018-09-03江苏省 无锡市 江阴市 南国村砻坊里3-1号银竹呢绒(214400)请求失败
2018-09-03浙江省 丽水市 景宁畲族自治县 人民北路25号(323500)请求失败
2018-09-03海南省 海口市 美兰区 海甸岛三东路中新商务大厦13D室(570203)请求失败
2018-09-03浙江省 杭州市 建德市 建德市第二人民医院(311600)请求失败
2018-09-03北京 北京市 大兴区 北京大兴旧宫镇清和园5号楼四单元101(102600)请求失败
2018-09-03江苏省 徐州市 云龙区 东甸子工程兵学院  学员十队(220009)请求失败
2018-09-03河南省 郑州市 中原区 郑州市桐柏北路100号威尼斯水城一期1号楼(450000)请求失败
2018-09-03浙江省 舟山市 定海区 华天昌兴公寓3幢701室(316000)请求失败
2018-09-03江苏省 淮安市 淮安区 镇淮楼东路楚港小区4号楼(223200)请求失败
2018-09-03江苏省 南京市 秦淮区 莫愁路179号南京地铁5号线项目部(210001)请求失败
2018-09-03浙江省 宁波市 宁海县 隔水洋东区8幢1号(315600)请求失败
2018-09-03陕西省 宝鸡市 渭滨区 高新六路马营镇政府东150米宝鸡供电局物资公司(721000)请求失败
2018-09-03陕西省 宝鸡市 渭滨区 经一路新鸿利少年儿童购物中心(721000)请求失败
2018-09-03北京 北京市 朝阳区 酒仙桥东路1号m8号楼b厅103古德体育(100011)请求失败
2018-09-03海南省 儋州市  中兴大道大转盘麒麟珠宝(571700)请求失败
2018-09-03浙江省 杭州市 滨江区 阿里巴巴滨江园区(310051)请求失败
2018-09-03河北省 廊坊市 三河市 燕顺路上上城第三季21号楼一单元1203(065200)请求失败
2018-09-03浙江省 丽水市 缙云县 景谷花园33（书香花苑门卫处代收）(321400)请求失败
2018-09-03浙江省 金华市 婺城区 双龙南街801号市政府北门值班室(321000)请求失败
2018-09-03